Log file open, 12/17/18 01:03:04
LogWindows: Failed to load 'aqProf.dll' (GetLastError=126)
LogWindows: File 'aqProf.dll' does not exist
LogWindows: Failed to load 'VtuneApi.dll' (GetLastError=126)
LogWindows: File 'VtuneApi.dll' does not exist
LogWindows: Failed to load 'VtuneApi32e.dll' (GetLastError=126)
LogWindows: File 'VtuneApi32e.dll' does not exist
LogConsoleResponse: Display: Failed to find resolution value strings in scalability ini. Falling back to default.
LogInit: Display: Running engine for game: Module_8_Final_Build
LogPakFile: Registered encryption key '00000000000000000000000000000000': 0 pak files mounted, 0 remain pending
LogPlatformFile: Not using cached read wrapper
LogTaskGraph: Started task graph with 5 named threads and 23 total threads with 3 sets of task threads.
LogStats: Stats thread started at 0.319391
LogD3D11RHI: Loaded GFSDK_Aftermath_Lib.x64.dll
LogICUInternationalization: ICU TimeZone Detection - Raw Offset: +0:00, Platform Override: ''
LogPluginManager: Mounting plugin Paper2D
LogPluginManager: Mounting plugin AISupport
LogPluginManager: Mounting plugin LightPropagationVolume
LogPluginManager: Mounting plugin ActorLayerUtilities
LogPluginManager: Mounting plugin CLionSourceCodeAccess
LogPluginManager: Mounting plugin CodeLiteSourceCodeAccess
LogPluginManager: Mounting plugin GitSourceControl
LogPluginManager: Mounting plugin KDevelopSourceCodeAccess
LogPluginManager: Mounting plugin NullSourceCodeAccess
LogPluginManager: Mounting plugin PerforceSourceControl
LogPluginManager: Mounting plugin SubversionSourceControl
LogPluginManager: Mounting plugin UObjectPlugin
LogPluginManager: Mounting plugin VisualStudioCodeSourceCodeAccess
LogPluginManager: Mounting plugin VisualStudioSourceCodeAccess
LogPluginManager: Mounting plugin XCodeSourceCodeAccess
LogPluginManager: Mounting plugin AssetManagerEditor
LogPluginManager: Mounting plugin CryptoKeys
LogPluginManager: Mounting plugin DataValidation
LogPluginManager: Mounting plugin FacialAnimation
LogPluginManager: Mounting plugin GameplayTagsEditor
LogPluginManager: Mounting plugin MacGraphicsSwitching
LogPluginManager: Mounting plugin MeshEditor
LogPluginManager: Mounting plugin MobileLauncherProfileWizard
LogPluginManager: Mounting plugin PluginBrowser
LogPluginManager: Mounting plugin SpeedTreeImporter
LogPluginManager: Mounting plugin DatasmithContent
LogPluginManager: Mounting plugin VariantManagerContent
LogPluginManager: Mounting plugin AlembicImporter
LogPluginManager: Mounting plugin AppleImageUtils
LogPluginManager: Mounting plugin AppleVision
LogPluginManager: Mounting plugin BackChannel
LogPluginManager: Mounting plugin CharacterAI
LogPluginManager: Mounting plugin GeometryCache
LogPluginManager: Mounting plugin HTML5Networking
LogPluginManager: Mounting plugin ProxyLODPlugin
LogPluginManager: Mounting plugin MagicLeap
LogPluginManager: Mounting plugin MagicLeapMedia
LogPluginManager: Mounting plugin AndroidMedia
LogPluginManager: Mounting plugin AvfMedia
LogPluginManager: Mounting plugin ImgMedia
LogPluginManager: Mounting plugin LinearTimecode
LogPluginManager: Mounting plugin MediaCompositing
LogPluginManager: Mounting plugin MediaPlayerEditor
LogPluginManager: Mounting plugin WebMMedia
LogPluginManager: Mounting plugin WmfMedia
LogPluginManager: Mounting plugin TcpMessaging
LogPluginManager: Mounting plugin UdpMessaging
LogPluginManager: Mounting plugin ActorSequence
LogPluginManager: Mounting plugin LevelSequenceEditor
LogPluginManager: Mounting plugin MatineeToLevelSequence
LogPluginManager: Mounting plugin NetcodeUnitTest
LogPluginManager: Mounting plugin NUTUnrealEngine4
LogPluginManager: Mounting plugin OnlineSubsystemGooglePlay
LogPluginManager: Mounting plugin OnlineSubsystemIOS
LogPluginManager: Mounting plugin OnlineSubsystem
LogPluginManager: Mounting plugin OnlineSubsystemNull
LogPluginManager: Mounting plugin OnlineSubsystemUtils
LogPluginManager: Mounting plugin LauncherChunkInstaller
LogPluginManager: Mounting plugin AndroidDeviceProfileSelector
LogPluginManager: Mounting plugin AndroidMoviePlayer
LogPluginManager: Mounting plugin AndroidPermission
LogPluginManager: Mounting plugin AppleMoviePlayer
LogPluginManager: Mounting plugin ArchVisCharacter
LogPluginManager: Mounting plugin AudioCapture
LogPluginManager: Mounting plugin CableComponent
LogPluginManager: Mounting plugin CustomMeshComponent
LogPluginManager: Mounting plugin EditableMesh
LogPluginManager: Mounting plugin ExampleDeviceProfileSelector
LogPluginManager: Mounting plugin Firebase
LogPluginManager: Mounting plugin GoogleCloudMessaging
LogPluginManager: Mounting plugin IOSDeviceProfileSelector
LogPluginManager: Mounting plugin LinuxDeviceProfileSelector
LogPluginManager: Mounting plugin LocationServicesBPLibrary
LogPluginManager: Mounting plugin MobilePatchingUtils
LogPluginManager: Mounting plugin OculusVR
LogPluginManager: Mounting plugin PhysXVehicles
LogPluginManager: Mounting plugin ProceduralMeshComponent
LogPluginManager: Mounting plugin RuntimePhysXCooking
LogPluginManager: Mounting plugin SteamVR
LogPluginManager: Mounting plugin WebMMoviePlayer
LogPluginManager: Mounting plugin WindowsMoviePlayer
LogStreaming: Display: Took  0.393s to configure plugins.
LogInit: Using libcurl 7.55.1-DEV
LogInit:  - built for x86_64-pc-win32
LogInit:  - supports SSL with OpenSSL/1.0.2h
LogInit:  - supports HTTP deflate (compression) using libz 1.2.8
LogInit:  - other features:
LogInit:      CURL_VERSION_SSL
LogInit:      CURL_VERSION_LIBZ
LogInit:      CURL_VERSION_IPV6
LogInit:      CURL_VERSION_ASYNCHDNS
LogInit:      CURL_VERSION_LARGEFILE
LogInit:      CURL_VERSION_IDN
LogInit:  CurlRequestOptions (configurable via config and command line):
LogInit:  - bVerifyPeer = true  - Libcurl will verify peer certificate
LogInit:  - bUseHttpProxy = false  - Libcurl will NOT use HTTP proxy
LogInit:  - bDontReuseConnections = false  - Libcurl will reuse connections
LogInit:  - MaxHostConnections = 16  - Libcurl will limit the number of connections to a host
LogInit:  - LocalHostAddr = Default
LogInit:  - BufferSize = 65536
LogInit: WinSock: version 1.1 (2.2), MaxSocks=32767, MaxUdp=65467
LogInit: Build: ++UE4+Release-4.21-CL-4613538
LogInit: Engine Version: 4.21.1-4613538+++UE4+Release-4.21
LogInit: Compatible Engine Version: 4.21.0-4541578+++UE4+Release-4.21
LogInit: Net CL: 4541578
LogInit: OS: Windows 10 (), CPU: Intel(R) Core(TM) i7-4790 CPU @ 3.60GHz, GPU: NVIDIA GeForce GTX 970
LogInit: Compiled (64-bit): Nov 30 2018 04:13:25
LogInit: Compiled with Visual C++: 19.13.26129.00
LogInit: Build Configuration: Development
LogInit: Branch Name: ++UE4+Release-4.21
LogInit: Command Line:  -EpicPortal -epicusername=Chicken_Crisp -epicuserid=306e6f41d9324f7d9b752bc42faa6de5 -epiclocale=en-GB
LogInit: Base Directory: C:/Program Files/Epic Games/UE_4.21/Engine/Binaries/Win64/
LogInit: Installed Engine Build: 1
LogDevObjectVersion: Number of dev versions registered: 22
LogDevObjectVersion:   Dev-Blueprints (B0D832E4-1F89-4F0D-ACCF-7EB736FD4AA2): 10
LogDevObjectVersion:   Dev-Build (E1C64328-A22C-4D53-A36C-8E866417BD8C): 0
LogDevObjectVersion:   Dev-Core (375EC13C-06E4-48FB-B500-84F0262A717E): 2
LogDevObjectVersion:   Dev-Editor (E4B068ED-F494-42E9-A231-DA0B2E46BB41): 26
LogDevObjectVersion:   Dev-Framework (CFFC743F-43B0-4480-9391-14DF171D2073): 34
LogDevObjectVersion:   Dev-Mobile (B02B49B5-BB20-44E9-A304-32B752E40360): 2
LogDevObjectVersion:   Dev-Networking (A4E4105C-59A1-49B5-A7C5-40C4547EDFEE): 0
LogDevObjectVersion:   Dev-Online (39C831C9-5AE6-47DC-9A44-9C173E1C8E7C): 0
LogDevObjectVersion:   Dev-Physics (78F01B33-EBEA-4F98-B9B4-84EACCB95AA2): 0
LogDevObjectVersion:   Dev-Platform (6631380F-2D4D-43E0-8009-CF276956A95A): 0
LogDevObjectVersion:   Dev-Rendering (12F88B9F-8875-4AFC-A67C-D90C383ABD29): 27
LogDevObjectVersion:   Dev-Sequencer (7B5AE74C-D270-4C10-A958-57980B212A5A): 9
LogDevObjectVersion:   Dev-VR (D7296918-1DD6-4BDD-9DE2-64A83CC13884): 2
LogDevObjectVersion:   Dev-LoadTimes (C2A15278-BFE7-4AFE-6C17-90FF531DF755): 1
LogDevObjectVersion:   Private-Geometry (6EACA3D4-40EC-4CC1-B786-8BED09428FC5): 3
LogDevObjectVersion:   Dev-AnimPhys (29E575DD-E0A3-4627-9D10-D276232CDCEA): 17
LogDevObjectVersion:   Dev-Anim (AF43A65D-7FD3-4947-9873-3E8ED9C1BB05): 2
LogDevObjectVersion:   Dev-ReflectionCapture (6B266CEC-1EC7-4B8F-A30B-E4D90942FC07): 1
LogDevObjectVersion:   Dev-Automation (0DF73D61-A23F-47EA-B727-89E90C41499A): 1
LogDevObjectVersion:   FortniteMain (601D1886-AC64-4F84-AA16-D3DE0DEAC7D6): 17
LogDevObjectVersion:   Dev-Enterprise (9DFFBCD6-494F-0158-E221-12823C92A888): 4
LogDevObjectVersion:   Dev-Niagara (F2AED0AC-9AFE-416F-8664-AA7FFA26D6FC): 1
LogStreaming: Display: Took  0.003s to delete old logs.
LogInit: Presizing for max 8388607 objects, including 0 objects not considered by GC, pre-allocating 0 bytes for permanent pool.
LogInit: Object subsystem initialized
LogConfig: Setting CVar [[con.DebugEarlyDefault:1]]
LogConfig: Setting CVar [[r.setres:1280x720]]
[2018.12.17-01.03.05:096][  0]LogConfig: Setting CVar [[r.VSync:0]]
[2018.12.17-01.03.05:096][  0]LogConfig: Setting CVar [[r.RHICmdBypass:0]]
[2018.12.17-01.03.05:096][  0]LogConfig: Applying CVar settings from Section [/Script/Engine.RendererSettings] File [C:/Users/Luke/Documents/GitHub/Module_8_Final/RunnerGame 4.21/Saved/Config/Windows/Engine.ini]
[2018.12.17-01.03.05:096][  0]LogConfig: Setting CVar [[r.GPUCrashDebugging:0]]
[2018.12.17-01.03.05:096][  0]LogConfig: Applying CVar settings from Section [/Script/Engine.RendererOverrideSettings] File [C:/Users/Luke/Documents/GitHub/Module_8_Final/RunnerGame 4.21/Saved/Config/Windows/Engine.ini]
[2018.12.17-01.03.05:096][  0]LogConfig: Applying CVar settings from Section [/Script/Engine.StreamingSettings] File [C:/Users/Luke/Documents/GitHub/Module_8_Final/RunnerGame 4.21/Saved/Config/Windows/Engine.ini]
[2018.12.17-01.03.05:096][  0]LogConfig: Setting CVar [[s.MinBulkDataSizeForAsyncLoading:131072]]
[2018.12.17-01.03.05:096][  0]LogConfig: Setting CVar [[s.AsyncLoadingThreadEnabled:0]]
[2018.12.17-01.03.05:096][  0]LogConfig: Setting CVar [[s.EventDrivenLoaderEnabled:1]]
[2018.12.17-01.03.05:096][  0]LogConfig: Setting CVar [[s.WarnIfTimeLimitExceeded:0]]
[2018.12.17-01.03.05:096][  0]LogConfig: Setting CVar [[s.TimeLimitExceededMultiplier:1.5]]
[2018.12.17-01.03.05:096][  0]LogConfig: Setting CVar [[s.TimeLimitExceededMinTime:0.005]]
[2018.12.17-01.03.05:096][  0]LogConfig: Setting CVar [[s.UseBackgroundLevelStreaming:1]]
[2018.12.17-01.03.05:096][  0]LogConfig: Setting CVar [[s.PriorityAsyncLoadingExtraTime:15.0]]
[2018.12.17-01.03.05:096][  0]LogConfig: Setting CVar [[s.LevelStreamingActorsUpdateTimeLimit:5.0]]
[2018.12.17-01.03.05:096][  0]LogConfig: Setting CVar [[s.PriorityLevelStreamingActorsUpdateExtraTime:5.0]]
[2018.12.17-01.03.05:096][  0]LogConfig: Setting CVar [[s.LevelStreamingComponentsRegistrationGranularity:10]]
[2018.12.17-01.03.05:096][  0]LogConfig: Setting CVar [[s.UnregisterComponentsTimeLimit:1.0]]
[2018.12.17-01.03.05:096][  0]LogConfig: Setting CVar [[s.LevelStreamingComponentsUnregistrationGranularity:5]]
[2018.12.17-01.03.05:096][  0]LogConfig: Applying CVar settings from Section [/Script/Engine.GarbageCollectionSettings] File [C:/Users/Luke/Documents/GitHub/Module_8_Final/RunnerGame 4.21/Saved/Config/Windows/Engine.ini]
[2018.12.17-01.03.05:096][  0]LogConfig: Setting CVar [[gc.MaxObjectsNotConsideredByGC:1]]
[2018.12.17-01.03.05:096][  0]LogConfig: Setting CVar [[gc.SizeOfPermanentObjectPool:0]]
[2018.12.17-01.03.05:096][  0]LogConfig: Setting CVar [[gc.FlushStreamingOnGC:0]]
[2018.12.17-01.03.05:097][  0]LogConfig: Setting CVar [[gc.NumRetriesBeforeForcingGC:10]]
[2018.12.17-01.03.05:097][  0]LogConfig: Setting CVar [[gc.AllowParallelGC:1]]
[2018.12.17-01.03.05:097][  0]LogConfig: Setting CVar [[gc.TimeBetweenPurgingPendingKillObjects:61.1]]
[2018.12.17-01.03.05:097][  0]LogConfig: Setting CVar [[gc.MaxObjectsInEditor:8388607]]
[2018.12.17-01.03.05:097][  0]LogConfig: Setting CVar [[gc.IncrementalBeginDestroyEnabled:1]]
[2018.12.17-01.03.05:097][  0]LogConfig: Setting CVar [[gc.CreateGCClusters:1]]
[2018.12.17-01.03.05:097][  0]LogConfig: Setting CVar [[gc.MergeGCClusters:0]]
[2018.12.17-01.03.05:097][  0]LogConfig: Setting CVar [[gc.MinGCClusterSize:5]]
[2018.12.17-01.03.05:097][  0]LogConfig: Setting CVar [[gc.ActorClusteringEnabled:0]]
[2018.12.17-01.03.05:097][  0]LogConfig: Setting CVar [[gc.BlueprintClusteringEnabled:0]]
[2018.12.17-01.03.05:097][  0]LogConfig: Setting CVar [[gc.UseDisregardForGCOnDedicatedServers:0]]
[2018.12.17-01.03.05:097][  0]LogConfig: Applying CVar settings from Section [/Script/Engine.NetworkSettings] File [C:/Users/Luke/Documents/GitHub/Module_8_Final/RunnerGame 4.21/Saved/Config/Windows/Engine.ini]
[2018.12.17-01.03.05:097][  0]LogConfig: Applying CVar settings from Section [/Script/UnrealEd.CookerSettings] File [C:/Users/Luke/Documents/GitHub/Module_8_Final/RunnerGame 4.21/Saved/Config/Windows/Engine.ini]
[2018.12.17-01.03.05:100][  0]LogConfig: Applying CVar settings from Section [ViewDistanceQuality@3] File [C:/Users/Luke/Documents/GitHub/Module_8_Final/RunnerGame 4.21/Saved/Config/Windows/Scalability.ini]
[2018.12.17-01.03.05:100][  0]LogConfig: Setting CVar [[r.SkeletalMeshLODBias:0]]
[2018.12.17-01.03.05:100][  0]LogConfig: Setting CVar [[r.ViewDistanceScale:1.0]]
[2018.12.17-01.03.05:100][  0]LogConfig: Applying CVar settings from Section [AntiAliasingQuality@3] File [C:/Users/Luke/Documents/GitHub/Module_8_Final/RunnerGame 4.21/Saved/Config/Windows/Scalability.ini]
[2018.12.17-01.03.05:100][  0]LogConfig: Setting CVar [[r.PostProcessAAQuality:4]]
[2018.12.17-01.03.05:100][  0]LogConfig: Applying CVar settings from Section [ShadowQuality@3] File [C:/Users/Luke/Documents/GitHub/Module_8_Final/RunnerGame 4.21/Saved/Config/Windows/Scalability.ini]
[2018.12.17-01.03.05:100][  0]LogConfig: Setting CVar [[r.LightFunctionQuality:1]]
[2018.12.17-01.03.05:100][  0]LogConfig: Setting CVar [[r.ShadowQuality:5]]
[2018.12.17-01.03.05:100][  0]LogConfig: Setting CVar [[r.Shadow.CSM.MaxCascades:10]]
[2018.12.17-01.03.05:100][  0]LogConfig: Setting CVar [[r.Shadow.MaxResolution:2048]]
[2018.12.17-01.03.05:100][  0]LogConfig: Setting CVar [[r.Shadow.MaxCSMResolution:2048]]
[2018.12.17-01.03.05:100][  0]LogConfig: Setting CVar [[r.Shadow.RadiusThreshold:0.01]]
[2018.12.17-01.03.05:100][  0]LogConfig: Setting CVar [[r.Shadow.DistanceScale:1.0]]
[2018.12.17-01.03.05:100][  0]LogConfig: Setting CVar [[r.Shadow.CSM.TransitionScale:1.0]]
[2018.12.17-01.03.05:100][  0]LogConfig: Setting CVar [[r.Shadow.PreShadowResolutionFactor:1.0]]
[2018.12.17-01.03.05:100][  0]LogConfig: Setting CVar [[r.DistanceFieldShadowing:1]]
[2018.12.17-01.03.05:100][  0]LogConfig: Setting CVar [[r.DistanceFieldAO:1]]
[2018.12.17-01.03.05:100][  0]LogConfig: Setting CVar [[r.AOQuality:2]]
[2018.12.17-01.03.05:100][  0]LogConfig: Setting CVar [[r.VolumetricFog:1]]
[2018.12.17-01.03.05:100][  0]LogConfig: Setting CVar [[r.VolumetricFog.GridPixelSize:8]]
[2018.12.17-01.03.05:100][  0]LogConfig: Setting CVar [[r.VolumetricFog.GridSizeZ:128]]
[2018.12.17-01.03.05:100][  0]LogConfig: Setting CVar [[r.VolumetricFog.HistoryMissSupersampleCount:4]]
[2018.12.17-01.03.05:100][  0]LogConfig: Setting CVar [[r.LightMaxDrawDistanceScale:1]]
[2018.12.17-01.03.05:100][  0]LogConfig: Setting CVar [[r.CapsuleShadows:1]]
[2018.12.17-01.03.05:100][  0]LogConfig: Applying CVar settings from Section [PostProcessQuality@3] File [C:/Users/Luke/Documents/GitHub/Module_8_Final/RunnerGame 4.21/Saved/Config/Windows/Scalability.ini]
[2018.12.17-01.03.05:100][  0]LogConfig: Setting CVar [[r.MotionBlurQuality:4]]
[2018.12.17-01.03.05:100][  0]LogConfig: Setting CVar [[r.AmbientOcclusionMipLevelFactor:0.4]]
[2018.12.17-01.03.05:100][  0]LogConfig: Setting CVar [[r.AmbientOcclusionMaxQuality:100]]
[2018.12.17-01.03.05:100][  0]LogConfig: Setting CVar [[r.AmbientOcclusionLevels:-1]]
[2018.12.17-01.03.05:100][  0]LogConfig: Setting CVar [[r.AmbientOcclusionRadiusScale:1.0]]
[2018.12.17-01.03.05:100][  0]LogConfig: Setting CVar [[r.DepthOfFieldQuality:2]]
[2018.12.17-01.03.05:100][  0]LogConfig: Setting CVar [[r.RenderTargetPoolMin:400]]
[2018.12.17-01.03.05:100][  0]LogConfig: Setting CVar [[r.LensFlareQuality:2]]
[2018.12.17-01.03.05:100][  0]LogConfig: Setting CVar [[r.SceneColorFringeQuality:1]]
[2018.12.17-01.03.05:100][  0]LogConfig: Setting CVar [[r.EyeAdaptationQuality:2]]
[2018.12.17-01.03.05:100][  0]LogConfig: Setting CVar [[r.BloomQuality:5]]
[2018.12.17-01.03.05:100][  0]LogConfig: Setting CVar [[r.FastBlurThreshold:100]]
[2018.12.17-01.03.05:100][  0]LogConfig: Setting CVar [[r.Upscale.Quality:3]]
[2018.12.17-01.03.05:101][  0]LogConfig: Setting CVar [[r.Tonemapper.GrainQuantization:1]]
[2018.12.17-01.03.05:101][  0]LogConfig: Setting CVar [[r.LightShaftQuality:1]]
[2018.12.17-01.03.05:101][  0]LogConfig: Setting CVar [[r.Filter.SizeScale:1]]
[2018.12.17-01.03.05:101][  0]LogConfig: Setting CVar [[r.Tonemapper.Quality:5]]
[2018.12.17-01.03.05:101][  0]LogConfig: Setting CVar [[r.DOF.Gather.AccumulatorQuality:1        ; higher gathering accumulator quality]]
[2018.12.17-01.03.05:101][  0]LogConfig: Setting CVar [[r.DOF.Gather.PostfilterMethod:1          ; Median3x3 postfilering method]]
[2018.12.17-01.03.05:101][  0]LogConfig: Setting CVar [[r.DOF.Gather.EnableBokehSettings:0       ; no bokeh simulation when gathering]]
[2018.12.17-01.03.05:101][  0]LogConfig: Setting CVar [[r.DOF.Gather.RingCount:4                 ; medium number of samples when gathering]]
[2018.12.17-01.03.05:101][  0]LogConfig: Setting CVar [[r.DOF.Scatter.ForegroundCompositing:1    ; additive foreground scattering]]
[2018.12.17-01.03.05:101][  0]LogConfig: Setting CVar [[r.DOF.Scatter.BackgroundCompositing:2    ; additive background scattering]]
[2018.12.17-01.03.05:101][  0]LogConfig: Setting CVar [[r.DOF.Scatter.EnableBokehSettings:1      ; bokeh simulation when scattering]]
[2018.12.17-01.03.05:101][  0]LogConfig: Setting CVar [[r.DOF.Scatter.MaxSpriteRatio:0.1         ; only a maximum of 10% of scattered bokeh]]
[2018.12.17-01.03.05:101][  0]LogConfig: Setting CVar [[r.DOF.Recombine.Quality:1                ; cheap slight out of focus]]
[2018.12.17-01.03.05:101][  0]LogConfig: Setting CVar [[r.DOF.Recombine.EnableBokehSettings:0    ; no bokeh simulation on slight out of focus]]
[2018.12.17-01.03.05:101][  0]LogConfig: Setting CVar [[r.DOF.TemporalAAQuality:1                ; more stable temporal accumulation]]
[2018.12.17-01.03.05:101][  0]LogConfig: Setting CVar [[r.DOF.Kernel.MaxForegroundRadius:0.025]]
[2018.12.17-01.03.05:101][  0]LogConfig: Setting CVar [[r.DOF.Kernel.MaxBackgroundRadius:0.025]]
[2018.12.17-01.03.05:101][  0]LogConfig: Applying CVar settings from Section [TextureQuality@3] File [C:/Users/Luke/Documents/GitHub/Module_8_Final/RunnerGame 4.21/Saved/Config/Windows/Scalability.ini]
[2018.12.17-01.03.05:101][  0]LogConfig: Setting CVar [[r.Streaming.MipBias:0]]
[2018.12.17-01.03.05:101][  0]LogConfig: Setting CVar [[r.Streaming.AmortizeCPUToGPUCopy:0]]
[2018.12.17-01.03.05:101][  0]LogConfig: Setting CVar [[r.Streaming.MaxNumTexturesToStreamPerFrame:0]]
[2018.12.17-01.03.05:101][  0]LogConfig: Setting CVar [[r.Streaming.Boost:1]]
[2018.12.17-01.03.05:101][  0]LogConfig: Setting CVar [[r.MaxAnisotropy:8]]
[2018.12.17-01.03.05:101][  0]LogConfig: Setting CVar [[r.Streaming.LimitPoolSizeToVRAM:0]]
[2018.12.17-01.03.05:101][  0]LogConfig: Setting CVar [[r.Streaming.PoolSize:1000]]
[2018.12.17-01.03.05:101][  0]LogConfig: Setting CVar [[r.Streaming.MaxEffectiveScreenSize:0]]
[2018.12.17-01.03.05:101][  0]LogConfig: Applying CVar settings from Section [EffectsQuality@3] File [C:/Users/Luke/Documents/GitHub/Module_8_Final/RunnerGame 4.21/Saved/Config/Windows/Scalability.ini]
[2018.12.17-01.03.05:101][  0]LogConfig: Setting CVar [[r.TranslucencyLightingVolumeDim:64]]
[2018.12.17-01.03.05:101][  0]LogConfig: Setting CVar [[r.RefractionQuality:2]]
[2018.12.17-01.03.05:101][  0]LogConfig: Setting CVar [[r.SSR.Quality:3]]
[2018.12.17-01.03.05:101][  0]LogConfig: Setting CVar [[r.SceneColorFormat:4]]
[2018.12.17-01.03.05:101][  0]LogConfig: Setting CVar [[r.DetailMode:2]]
[2018.12.17-01.03.05:101][  0]LogConfig: Setting CVar [[r.TranslucencyVolumeBlur:1]]
[2018.12.17-01.03.05:101][  0]LogConfig: Setting CVar [[r.MaterialQualityLevel:1 ; High quality]]
[2018.12.17-01.03.05:101][  0]LogConfig: Setting CVar [[r.SSS.Scale:1]]
[2018.12.17-01.03.05:101][  0]LogConfig: Setting CVar [[r.SSS.SampleSet:2]]
[2018.12.17-01.03.05:101][  0]LogConfig: Setting CVar [[r.SSS.Quality:1]]
[2018.12.17-01.03.05:101][  0]LogConfig: Setting CVar [[r.SSS.HalfRes:1]]
[2018.12.17-01.03.05:101][  0]LogConfig: Setting CVar [[r.EmitterSpawnRateScale:1.0]]
[2018.12.17-01.03.05:101][  0]LogConfig: Setting CVar [[r.ParticleLightQuality:2]]
[2018.12.17-01.03.05:101][  0]LogConfig: Applying CVar settings from Section [FoliageQuality@3] File [C:/Users/Luke/Documents/GitHub/Module_8_Final/RunnerGame 4.21/Saved/Config/Windows/Scalability.ini]
[2018.12.17-01.03.05:101][  0]LogConfig: Setting CVar [[foliage.DensityScale:1.0]]
[2018.12.17-01.03.05:101][  0]LogConfig: Setting CVar [[grass.DensityScale:1.0]]
[2018.12.17-01.03.05:101][  0]LogInit: Selected Device Profile: [Windows]
[2018.12.17-01.03.05:101][  0]LogInit: Applying CVar settings loaded from the selected device profile: [Windows]
[2018.12.17-01.03.05:148][  0]LogHAL: Display: Platform has ~ 16 GB [17033850880 / 17179869184 / 16], which maps to Larger [LargestMinGB=32, LargerMinGB=12, DefaultMinGB=8, SmallerMinGB=6, SmallestMinGB=0)
[2018.12.17-01.03.05:148][  0]LogConfig: Setting CVar [[r.Vulkan.UseRealUBs:1]]
[2018.12.17-01.03.05:148][  0]LogInit: Going up to parent DeviceProfile []
[2018.12.17-01.03.05:148][  0]LogConfig: Applying CVar settings from Section [ViewDistanceQuality@3] File [C:/Users/Luke/Documents/GitHub/Module_8_Final/RunnerGame 4.21/Saved/Config/Windows/Scalability.ini]
[2018.12.17-01.03.05:148][  0]LogConfig: Setting CVar [[r.SkeletalMeshLODBias:0]]
[2018.12.17-01.03.05:148][  0]LogConfig: Setting CVar [[r.ViewDistanceScale:1.0]]
[2018.12.17-01.03.05:148][  0]LogConfig: Applying CVar settings from Section [AntiAliasingQuality@3] File [C:/Users/Luke/Documents/GitHub/Module_8_Final/RunnerGame 4.21/Saved/Config/Windows/Scalability.ini]
[2018.12.17-01.03.05:148][  0]LogConfig: Setting CVar [[r.PostProcessAAQuality:4]]
[2018.12.17-01.03.05:148][  0]LogConfig: Applying CVar settings from Section [ShadowQuality@3] File [C:/Users/Luke/Documents/GitHub/Module_8_Final/RunnerGame 4.21/Saved/Config/Windows/Scalability.ini]
[2018.12.17-01.03.05:148][  0]LogConfig: Setting CVar [[r.LightFunctionQuality:1]]
[2018.12.17-01.03.05:148][  0]LogConfig: Setting CVar [[r.ShadowQuality:5]]
[2018.12.17-01.03.05:148][  0]LogConfig: Setting CVar [[r.Shadow.CSM.MaxCascades:10]]
[2018.12.17-01.03.05:148][  0]LogConfig: Setting CVar [[r.Shadow.MaxResolution:2048]]
[2018.12.17-01.03.05:148][  0]LogConfig: Setting CVar [[r.Shadow.MaxCSMResolution:2048]]
[2018.12.17-01.03.05:148][  0]LogConfig: Setting CVar [[r.Shadow.RadiusThreshold:0.01]]
[2018.12.17-01.03.05:148][  0]LogConfig: Setting CVar [[r.Shadow.DistanceScale:1.0]]
[2018.12.17-01.03.05:148][  0]LogConfig: Setting CVar [[r.Shadow.CSM.TransitionScale:1.0]]
[2018.12.17-01.03.05:148][  0]LogConfig: Setting CVar [[r.Shadow.PreShadowResolutionFactor:1.0]]
[2018.12.17-01.03.05:148][  0]LogConfig: Setting CVar [[r.DistanceFieldShadowing:1]]
[2018.12.17-01.03.05:148][  0]LogConfig: Setting CVar [[r.DistanceFieldAO:1]]
[2018.12.17-01.03.05:148][  0]LogConfig: Setting CVar [[r.AOQuality:2]]
[2018.12.17-01.03.05:148][  0]LogConfig: Setting CVar [[r.VolumetricFog:1]]
[2018.12.17-01.03.05:148][  0]LogConfig: Setting CVar [[r.VolumetricFog.GridPixelSize:8]]
[2018.12.17-01.03.05:148][  0]LogConfig: Setting CVar [[r.VolumetricFog.GridSizeZ:128]]
[2018.12.17-01.03.05:148][  0]LogConfig: Setting CVar [[r.VolumetricFog.HistoryMissSupersampleCount:4]]
[2018.12.17-01.03.05:148][  0]LogConfig: Setting CVar [[r.LightMaxDrawDistanceScale:1]]
[2018.12.17-01.03.05:148][  0]LogConfig: Setting CVar [[r.CapsuleShadows:1]]
[2018.12.17-01.03.05:148][  0]LogConfig: Applying CVar settings from Section [PostProcessQuality@3] File [C:/Users/Luke/Documents/GitHub/Module_8_Final/RunnerGame 4.21/Saved/Config/Windows/Scalability.ini]
[2018.12.17-01.03.05:148][  0]LogConfig: Setting CVar [[r.MotionBlurQuality:4]]
[2018.12.17-01.03.05:148][  0]LogConfig: Setting CVar [[r.AmbientOcclusionMipLevelFactor:0.4]]
[2018.12.17-01.03.05:148][  0]LogConfig: Setting CVar [[r.AmbientOcclusionMaxQuality:100]]
[2018.12.17-01.03.05:148][  0]LogConfig: Setting CVar [[r.AmbientOcclusionLevels:-1]]
[2018.12.17-01.03.05:148][  0]LogConfig: Setting CVar [[r.AmbientOcclusionRadiusScale:1.0]]
[2018.12.17-01.03.05:148][  0]LogConfig: Setting CVar [[r.DepthOfFieldQuality:2]]
[2018.12.17-01.03.05:148][  0]LogConfig: Setting CVar [[r.RenderTargetPoolMin:400]]
[2018.12.17-01.03.05:148][  0]LogConfig: Setting CVar [[r.LensFlareQuality:2]]
[2018.12.17-01.03.05:148][  0]LogConfig: Setting CVar [[r.SceneColorFringeQuality:1]]
[2018.12.17-01.03.05:148][  0]LogConfig: Setting CVar [[r.EyeAdaptationQuality:2]]
[2018.12.17-01.03.05:148][  0]LogConfig: Setting CVar [[r.BloomQuality:5]]
[2018.12.17-01.03.05:148][  0]LogConfig: Setting CVar [[r.FastBlurThreshold:100]]
[2018.12.17-01.03.05:148][  0]LogConfig: Setting CVar [[r.Upscale.Quality:3]]
[2018.12.17-01.03.05:148][  0]LogConfig: Setting CVar [[r.Tonemapper.GrainQuantization:1]]
[2018.12.17-01.03.05:148][  0]LogConfig: Setting CVar [[r.LightShaftQuality:1]]
[2018.12.17-01.03.05:148][  0]LogConfig: Setting CVar [[r.Filter.SizeScale:1]]
[2018.12.17-01.03.05:148][  0]LogConfig: Setting CVar [[r.Tonemapper.Quality:5]]
[2018.12.17-01.03.05:148][  0]LogConfig: Setting CVar [[r.DOF.Gather.AccumulatorQuality:1        ; higher gathering accumulator quality]]
[2018.12.17-01.03.05:148][  0]LogConfig: Setting CVar [[r.DOF.Gather.PostfilterMethod:1          ; Median3x3 postfilering method]]
[2018.12.17-01.03.05:148][  0]LogConfig: Setting CVar [[r.DOF.Gather.EnableBokehSettings:0       ; no bokeh simulation when gathering]]
[2018.12.17-01.03.05:148][  0]LogConfig: Setting CVar [[r.DOF.Gather.RingCount:4                 ; medium number of samples when gathering]]
[2018.12.17-01.03.05:148][  0]LogConfig: Setting CVar [[r.DOF.Scatter.ForegroundCompositing:1    ; additive foreground scattering]]
[2018.12.17-01.03.05:148][  0]LogConfig: Setting CVar [[r.DOF.Scatter.BackgroundCompositing:2    ; additive background scattering]]
[2018.12.17-01.03.05:148][  0]LogConfig: Setting CVar [[r.DOF.Scatter.EnableBokehSettings:1      ; bokeh simulation when scattering]]
[2018.12.17-01.03.05:148][  0]LogConfig: Setting CVar [[r.DOF.Scatter.MaxSpriteRatio:0.1         ; only a maximum of 10% of scattered bokeh]]
[2018.12.17-01.03.05:148][  0]LogConfig: Setting CVar [[r.DOF.Recombine.Quality:1                ; cheap slight out of focus]]
[2018.12.17-01.03.05:148][  0]LogConfig: Setting CVar [[r.DOF.Recombine.EnableBokehSettings:0    ; no bokeh simulation on slight out of focus]]
[2018.12.17-01.03.05:148][  0]LogConfig: Setting CVar [[r.DOF.TemporalAAQuality:1                ; more stable temporal accumulation]]
[2018.12.17-01.03.05:148][  0]LogConfig: Setting CVar [[r.DOF.Kernel.MaxForegroundRadius:0.025]]
[2018.12.17-01.03.05:148][  0]LogConfig: Setting CVar [[r.DOF.Kernel.MaxBackgroundRadius:0.025]]
[2018.12.17-01.03.05:148][  0]LogConfig: Applying CVar settings from Section [TextureQuality@3] File [C:/Users/Luke/Documents/GitHub/Module_8_Final/RunnerGame 4.21/Saved/Config/Windows/Scalability.ini]
[2018.12.17-01.03.05:149][  0]LogConfig: Setting CVar [[r.Streaming.MipBias:0]]
[2018.12.17-01.03.05:149][  0]LogConfig: Setting CVar [[r.Streaming.AmortizeCPUToGPUCopy:0]]
[2018.12.17-01.03.05:149][  0]LogConfig: Setting CVar [[r.Streaming.MaxNumTexturesToStreamPerFrame:0]]
[2018.12.17-01.03.05:149][  0]LogConfig: Setting CVar [[r.Streaming.Boost:1]]
[2018.12.17-01.03.05:149][  0]LogConfig: Setting CVar [[r.MaxAnisotropy:8]]
[2018.12.17-01.03.05:149][  0]LogConfig: Setting CVar [[r.Streaming.LimitPoolSizeToVRAM:0]]
[2018.12.17-01.03.05:149][  0]LogConfig: Setting CVar [[r.Streaming.PoolSize:1000]]
[2018.12.17-01.03.05:149][  0]LogConfig: Setting CVar [[r.Streaming.MaxEffectiveScreenSize:0]]
[2018.12.17-01.03.05:149][  0]LogConfig: Applying CVar settings from Section [EffectsQuality@3] File [C:/Users/Luke/Documents/GitHub/Module_8_Final/RunnerGame 4.21/Saved/Config/Windows/Scalability.ini]
[2018.12.17-01.03.05:149][  0]LogConfig: Setting CVar [[r.TranslucencyLightingVolumeDim:64]]
[2018.12.17-01.03.05:149][  0]LogConfig: Setting CVar [[r.RefractionQuality:2]]
[2018.12.17-01.03.05:149][  0]LogConfig: Setting CVar [[r.SSR.Quality:3]]
[2018.12.17-01.03.05:149][  0]LogConfig: Setting CVar [[r.SceneColorFormat:4]]
[2018.12.17-01.03.05:149][  0]LogConfig: Setting CVar [[r.DetailMode:2]]
[2018.12.17-01.03.05:149][  0]LogConfig: Setting CVar [[r.TranslucencyVolumeBlur:1]]
[2018.12.17-01.03.05:149][  0]LogConfig: Setting CVar [[r.MaterialQualityLevel:1 ; High quality]]
[2018.12.17-01.03.05:149][  0]LogConfig: Setting CVar [[r.SSS.Scale:1]]
[2018.12.17-01.03.05:149][  0]LogConfig: Setting CVar [[r.SSS.SampleSet:2]]
[2018.12.17-01.03.05:149][  0]LogConfig: Setting CVar [[r.SSS.Quality:1]]
[2018.12.17-01.03.05:149][  0]LogConfig: Setting CVar [[r.SSS.HalfRes:1]]
[2018.12.17-01.03.05:149][  0]LogConfig: Setting CVar [[r.EmitterSpawnRateScale:1.0]]
[2018.12.17-01.03.05:149][  0]LogConfig: Setting CVar [[r.ParticleLightQuality:2]]
[2018.12.17-01.03.05:149][  0]LogConfig: Applying CVar settings from Section [FoliageQuality@3] File [C:/Users/Luke/Documents/GitHub/Module_8_Final/RunnerGame 4.21/Saved/Config/Windows/Scalability.ini]
[2018.12.17-01.03.05:149][  0]LogConfig: Setting CVar [[foliage.DensityScale:1.0]]
[2018.12.17-01.03.05:149][  0]LogConfig: Setting CVar [[grass.DensityScale:1.0]]
[2018.12.17-01.03.05:149][  0]LogConfig: Applying CVar settings from Section [Startup] File [../../../Engine/Config/ConsoleVariables.ini]
[2018.12.17-01.03.05:150][  0]LogConfig: Setting CVar [[net.UseAdaptiveNetUpdateFrequency:0]]
[2018.12.17-01.03.05:150][  0]LogConfig: Applying CVar settings from Section [ConsoleVariables] File [C:/Users/Luke/Documents/GitHub/Module_8_Final/RunnerGame 4.21/Saved/Config/Windows/Engine.ini]
[2018.12.17-01.03.05:150][  0]LogInit: Computer: LUKESPC
[2018.12.17-01.03.05:150][  0]LogInit: User: Luke
[2018.12.17-01.03.05:150][  0]LogInit: CPU Page size=4096, Cores=4
[2018.12.17-01.03.05:150][  0]LogInit: High frequency timer resolution =3.515622 MHz
[2018.12.17-01.03.05:150][  0]LogMemory: Memory total: Physical=15.9GB (16GB approx)
[2018.12.17-01.03.05:150][  0]LogMemory: Platform Memory Stats for Windows
[2018.12.17-01.03.05:150][  0]LogMemory: Process Physical Memory: 102.18 MB used, 102.18 MB peak
[2018.12.17-01.03.05:150][  0]LogMemory: Process Virtual Memory: 91.61 MB used, 91.61 MB peak
[2018.12.17-01.03.05:150][  0]LogMemory: Physical Memory: 8708.59 MB used,  7536.15 MB free, 16244.75 MB total
[2018.12.17-01.03.05:150][  0]LogMemory: Virtual Memory: 4652.65 MB used,  134213072.00 MB free, 134217728.00 MB total
[2018.12.17-01.03.05:185][  0]LogInit: Using OS detected language (en-GB).
[2018.12.17-01.03.05:185][  0]LogInit: Using OS detected locale (en-GB).
[2018.12.17-01.03.05:186][  0]LogTextLocalizationManager: No specific localization for 'en-GB' exists, so the 'en' localization will be used.
[2018.12.17-01.03.05:728][  0]LogStreaming: Display: Took  0.543s to InitEngineTextLocalization.
[2018.12.17-01.03.05:728][  0]LogInit: Setting process to per monitor DPI aware
[2018.12.17-01.03.06:020][  0]LogSlate: New Slate User Created.  User Index 0, Is Virtual User: 0
[2018.12.17-01.03.06:020][  0]LogSlate: Slate User Registered.  User Index 0, Is Virtual User: 0
[2018.12.17-01.03.13:037][  0]LogHMD: Failed to initialize OpenVR with code 105
[2018.12.17-01.03.13:037][  0]LogD3D11RHI: D3D11 adapters:
[2018.12.17-01.03.13:113][  0]LogD3D11RHI:    0. 'NVIDIA GeForce GTX 970' (Feature Level 11_0)
[2018.12.17-01.03.13:113][  0]LogD3D11RHI:       4043/0/8122 MB DedicatedVideo/DedicatedSystem/SharedSystem, Outputs:1, VendorId:0x10de
[2018.12.17-01.03.13:123][  0]LogD3D11RHI:    1. 'Intel(R) HD Graphics 4600' (Feature Level 11_0)
[2018.12.17-01.03.13:123][  0]LogD3D11RHI:       112/0/2048 MB DedicatedVideo/DedicatedSystem/SharedSystem, Outputs:0, VendorId:0x8086
[2018.12.17-01.03.13:126][  0]LogD3D11RHI:    2. 'Microsoft Basic Render Driver' (Feature Level 11_0)
[2018.12.17-01.03.13:126][  0]LogD3D11RHI:       0/0/8122 MB DedicatedVideo/DedicatedSystem/SharedSystem, Outputs:0, VendorId:0x1414
[2018.12.17-01.03.13:126][  0]LogD3D11RHI: Chosen D3D11 Adapter: 0
[2018.12.17-01.03.13:135][  0]LogD3D11RHI: Creating new Direct3DDevice
[2018.12.17-01.03.13:136][  0]LogD3D11RHI:     GPU DeviceId: 0x13c2 (for the marketing name, search the web for "GPU Device Id")
[2018.12.17-01.03.13:136][  0]LogWindows: EnumDisplayDevices:
[2018.12.17-01.03.13:136][  0]LogWindows:    0. 'NVIDIA GeForce GTX 970' (P:1 D:1)
[2018.12.17-01.03.13:136][  0]LogWindows:    1. 'NVIDIA GeForce GTX 970' (P:0 D:0)
[2018.12.17-01.03.13:137][  0]LogWindows:    2. 'NVIDIA GeForce GTX 970' (P:0 D:0)
[2018.12.17-01.03.13:137][  0]LogWindows:    3. 'NVIDIA GeForce GTX 970' (P:0 D:0)
[2018.12.17-01.03.13:137][  0]LogWindows:    4. 'Intel(R) HD Graphics 4600' (P:0 D:0)
[2018.12.17-01.03.13:138][  0]LogWindows:    5. 'Intel(R) HD Graphics 4600' (P:0 D:0)
[2018.12.17-01.03.13:138][  0]LogWindows:    6. 'Intel(R) HD Graphics 4600' (P:0 D:0)
[2018.12.17-01.03.13:139][  0]LogWindows: DebugString: PrimaryIsNotTheChoosenAdapter PrimaryIsNotTheChoosenAdapter PrimaryIsNotTheChoosenAdapter FoundDriverCount:4 
[2018.12.17-01.03.13:139][  0]LogD3D11RHI:     Adapter Name: NVIDIA GeForce GTX 970
[2018.12.17-01.03.13:139][  0]LogD3D11RHI:   Driver Version: 416.81 (internal:25.21.14.1681, unified:416.81)
[2018.12.17-01.03.13:139][  0]LogD3D11RHI:      Driver Date: 11-2-2018
[2018.12.17-01.03.13:139][  0]LogRHI: Texture pool is 2830 MB (70% of 4043 MB)
[2018.12.17-01.03.13:189][  0]LogD3D11RHI: Async texture creation enabled
[2018.12.17-01.03.13:361][  0]LogD3D11RHI: GPU Timing Frequency: 1000.000000 (Debug: 2 2)
[2018.12.17-01.03.13:934][  0]LogTemp: Display: Loaded TP AllDesktopTargetPlatform
[2018.12.17-01.03.13:949][  0]LogTemp: Display: Loaded TP MacClientTargetPlatform
[2018.12.17-01.03.13:964][  0]LogTemp: Display: Loaded TP MacNoEditorTargetPlatform
[2018.12.17-01.03.13:979][  0]LogTemp: Display: Loaded TP MacServerTargetPlatform
[2018.12.17-01.03.14:027][  0]LogTemp: Display: Loaded TP MacTargetPlatform
[2018.12.17-01.03.14:042][  0]LogTemp: Display: Loaded TP WindowsClientTargetPlatform
[2018.12.17-01.03.14:057][  0]LogTemp: Display: Loaded TP WindowsNoEditorTargetPlatform
[2018.12.17-01.03.14:072][  0]LogTemp: Display: Loaded TP WindowsServerTargetPlatform
[2018.12.17-01.03.14:080][  0]LogTemp: Display: Loaded TP WindowsTargetPlatform
[2018.12.17-01.03.14:204][  0]LogTemp: Display: Loaded TP AndroidTargetPlatform
[2018.12.17-01.03.14:204][  0]LogTemp: Display: Loaded TP AndroidTargetPlatform
[2018.12.17-01.03.14:204][  0]LogTemp: Display: Loaded TP AndroidTargetPlatform
[2018.12.17-01.03.14:204][  0]LogTemp: Display: Loaded TP AndroidTargetPlatform
[2018.12.17-01.03.14:204][  0]LogTemp: Display: Loaded TP AndroidTargetPlatform
[2018.12.17-01.03.14:205][  0]LogTemp: Display: Loaded TP AndroidTargetPlatform
[2018.12.17-01.03.14:205][  0]LogTemp: Display: Loaded TP AndroidTargetPlatform
[2018.12.17-01.03.14:205][  0]LogTemp: Display: Loaded TP AndroidTargetPlatform
[2018.12.17-01.03.14:205][  0]LogTemp: Display: Loaded TP AndroidTargetPlatform
[2018.12.17-01.03.14:205][  0]LogTemp: Display: Loaded TP AndroidTargetPlatform
[2018.12.17-01.03.14:205][  0]LogTemp: Display: Loaded TP AndroidTargetPlatform
[2018.12.17-01.03.14:205][  0]LogTemp: Display: Loaded TP AndroidTargetPlatform
[2018.12.17-01.03.14:205][  0]LogTemp: Display: Loaded TP AndroidTargetPlatform
[2018.12.17-01.03.14:205][  0]LogTemp: Display: Loaded TP AndroidTargetPlatform
[2018.12.17-01.03.14:205][  0]LogTemp: Display: Loaded TP AndroidTargetPlatform
[2018.12.17-01.03.14:205][  0]LogTemp: Display: Loaded TP AndroidTargetPlatform
[2018.12.17-01.03.14:205][  0]LogTemp: Display: Loaded TP AndroidTargetPlatform
[2018.12.17-01.03.14:205][  0]LogTemp: Display: Loaded TP AndroidTargetPlatform
[2018.12.17-01.03.14:207][  0]LogTemp: Display: Loaded TP HTML5TargetPlatform
[2018.12.17-01.03.14:305][  0]LogTemp: Display: Loaded TP IOSTargetPlatform
[2018.12.17-01.03.14:305][  0]LogTemp: Display: Loaded TP IOSTargetPlatform
[2018.12.17-01.03.14:330][  0]LogTemp: Display: Loaded TP TVOSTargetPlatform
[2018.12.17-01.03.14:330][  0]LogTemp: Display: Loaded TP TVOSTargetPlatform
[2018.12.17-01.03.14:344][  0]LogTemp: Display: Loaded TP LinuxClientTargetPlatform
[2018.12.17-01.03.14:357][  0]LogTemp: Display: Loaded TP LinuxNoEditorTargetPlatform
[2018.12.17-01.03.14:370][  0]LogTemp: Display: Loaded TP LinuxServerTargetPlatform
[2018.12.17-01.03.14:398][  0]LogTemp: Display: Loaded TP LinuxTargetPlatform
[2018.12.17-01.03.14:447][  0]LogTemp: Display: Loaded TP LuminTargetPlatform
[2018.12.17-01.03.14:447][  0]LogTemp: Display: Loaded TP LuminTargetPlatform
[2018.12.17-01.03.14:447][  0]LogTargetPlatformManager: Display: Building Assets For Windows
[2018.12.17-01.03.14:543][  0]LogShaderCompilers: Guid format shader working directory is -31 characters bigger than the processId version (../../../../../../Users/Luke/Documents/GitHub/Module_8_Final/RunnerGame 4.21/Intermediate/Shaders/WorkingDirectory/7684/).
[2018.12.17-01.03.14:543][  0]LogShaderCompilers: Cleaned the shader compiler working directory 'C:/Users/Luke/AppData/Local/Temp/UnrealShaderWorkingDir/1682773D4339B34223C19CB85FFA3B83/'.
[2018.12.17-01.03.14:547][  0]LogXGEController: Cannot use XGE Controller as Incredibuild is not installed on this machine.
[2018.12.17-01.03.14:547][  0]LogShaderCompilers: Cannot use XGE Shader Compiler as Incredibuild is not installed on this machine.
[2018.12.17-01.03.14:547][  0]LogShaderCompilers: Display: Using Local Shader Compiler.
[2018.12.17-01.03.23:103][  0]LogDerivedDataCache: Display: Max Cache Size: 512 MB
[2018.12.17-01.03.23:836][  0]LogDerivedDataCache: Loaded boot cache 0.73s 71MB C:/Users/Luke/AppData/Local/UnrealEngine/4.21/DerivedDataCache/Boot.ddc.
[2018.12.17-01.03.23:836][  0]LogDerivedDataCache: Display: Loaded Boot cache: C:/Users/Luke/AppData/Local/UnrealEngine/4.21/DerivedDataCache/Boot.ddc
[2018.12.17-01.03.23:836][  0]LogDerivedDataCache: FDerivedDataBackendGraph:  Pak pak cache file ../../../../../../Users/Luke/Documents/GitHub/Module_8_Final/RunnerGame 4.21/DerivedDataCache/DDC.ddp not found, will not use a pak cache.
[2018.12.17-01.03.23:836][  0]LogDerivedDataCache: Unable to find inner node Pak for hierarchical cache Hierarchy.
[2018.12.17-01.03.23:836][  0]LogDerivedDataCache: FDerivedDataBackendGraph:  CompressedPak pak cache file ../../../../../../Users/Luke/Documents/GitHub/Module_8_Final/RunnerGame 4.21/DerivedDataCache/Compressed.ddp not found, will not use a pak cache.
[2018.12.17-01.03.23:836][  0]LogDerivedDataCache: Unable to find inner node CompressedPak for hierarchical cache Hierarchy.
[2018.12.17-01.03.23:849][  0]LogDerivedDataCache: Display: Pak cache opened for reading ../../../Engine/DerivedDataCache/Compressed.ddp.
[2018.12.17-01.03.23:849][  0]LogDerivedDataCache: FDerivedDataBackendGraph:  EnterprisePak pak cache file ../../../Enterprise/DerivedDataCache/Compressed.ddp not found, will not use a pak cache.
[2018.12.17-01.03.23:849][  0]LogDerivedDataCache: Unable to find inner node EnterprisePak for hierarchical cache Hierarchy.
[2018.12.17-01.03.23:861][  0]LogDerivedDataCache: Using Local data cache path C:/Users/Luke/AppData/Local/UnrealEngine/Common/DerivedDataCache: Writable
[2018.12.17-01.03.23:861][  0]LogDerivedDataCache: Shared data cache path not found in *engine.ini, will not use an Shared cache.
[2018.12.17-01.03.23:861][  0]LogDerivedDataCache: Unable to find inner node Shared for hierarchical cache Hierarchy.
[2018.12.17-01.03.23:889][  0]LogMaterial: Verifying Global Shaders for PCD3D_SM5
[2018.12.17-01.03.23:896][  0]LogSlate: Using FreeType 2.6.0
[2018.12.17-01.03.23:912][  0]LogSlate: SlateFontServices - WITH_FREETYPE: 1, WITH_HARFBUZZ: 1
[2018.12.17-01.03.29:284][  0]LogAssetRegistry: FAssetRegistry took 0.0341 seconds to start up
[2018.12.17-01.03.29:686][  0]LogInit: Selected Device Profile: [Windows]
[2018.12.17-01.03.29:861][  0]LogSimplygon: Simplygon DLL not present - disabling.
[2018.12.17-01.03.29:867][  0]LogMeshReduction: Using SimplygonSwarm for distributed automatic mesh merging
[2018.12.17-01.03.29:867][  0]LogMeshReduction: Using ProxyLODMeshReduction for automatic mesh merging
[2018.12.17-01.03.29:867][  0]LogMeshReduction: Using QuadricMeshReduction for automatic static mesh reduction
[2018.12.17-01.03.29:867][  0]LogMeshReduction: No automatic skeletal mesh reduction module available
[2018.12.17-01.03.29:882][  0]LogNetVersion: Module_8_Final_Build 1.0.0, NetCL: 4541578, EngineNetVer: 5, GameNetVer: 0 (Checksum: 899348701)
[2018.12.17-01.03.30:466][  0]LogPackageLocalizationCache: Processed 11 localized package path(s) for 2 prioritized culture(s) in 0.107978 seconds
[2018.12.17-01.03.30:472][  0]LogUObjectArray: 39775 objects as part of root set at end of initial load.
[2018.12.17-01.03.30:472][  0]LogUObjectAllocator: 6914656 out of 0 bytes used by permanent object pool.
[2018.12.17-01.03.30:472][  0]LogUObjectArray: CloseDisregardForGC: 0/0 objects in disregard for GC pool
[2018.12.17-01.03.57:948][  0]LogTcpMessaging: Initializing TcpMessaging bridge
[2018.12.17-01.03.57:961][  0]LogUdpMessaging: Initializing bridge on interface 0.0.0.0:0 to multicast group 230.0.0.1:6666.
[2018.12.17-01.04.00:032][  0]SourceControl: Source control is disabled
[2018.12.17-01.04.00:032][  0]SourceControl: Source control is disabled
[2018.12.17-01.04.00:060][  0]SourceControl: Source control is disabled
[2018.12.17-01.04.00:062][  0]SourceControl: Source control is disabled
[2018.12.17-01.04.00:365][  0]LogAndroidPermission: UAndroidPermissionCallbackProxy::GetInstance
[2018.12.17-01.04.00:498][  0]LogOcInput: OculusInput pre-init called
[2018.12.17-01.04.00:674][  0]LogEngine: Initializing Engine...
[2018.12.17-01.04.00:678][  0]LogHMD: Failed to initialize OpenVR with code 105
[2018.12.17-01.04.00:680][  0]LogStats: UGameplayTagsManager::ConstructGameplayTagTree: ImportINI prefixes -  0.000 s
[2018.12.17-01.04.00:680][  0]LogStats: UGameplayTagsManager::ConstructGameplayTagTree: Construct from data asset -  0.000 s
[2018.12.17-01.04.00:680][  0]LogStats: UGameplayTagsManager::ConstructGameplayTagTree: ImportINI -  0.000 s
[2018.12.17-01.04.00:680][  0]LogStats: UGameplayTagsManager::ConstructGameplayTagTree: GameplayTagTreeChangedEvent.Broadcast -  0.000 s
[2018.12.17-01.04.00:920][  0]LogInit: Initializing FReadOnlyCVARCache
[2018.12.17-01.04.00:938][  0]LogAIModule: Creating AISystem for world Untitled
[2018.12.17-01.04.00:971][  0]LogInit: XAudio2 using 'Speakers (Realtek High Definition Audio)' : 2 channels at 48 kHz using 32 bits per sample (channel mask 0x3)
[2018.12.17-01.04.01:021][  0]LogInit: FAudioDevice initialized.
[2018.12.17-01.04.01:021][  0]LogNetVersion: Set ProjectVersion to 1.0.0.0. Version Checksum will be recalculated on next use.
[2018.12.17-01.04.01:173][  0]LogDerivedDataCache: Saved boot cache 0.15s 71MB C:/Users/Luke/AppData/Local/UnrealEngine/4.21/DerivedDataCache/Boot.ddc.
[2018.12.17-01.04.01:184][  0]LogInit: Texture streaming: Enabled
[2018.12.17-01.04.01:210][  0]LogEngineSessionManager: EngineSessionManager initialized
[2018.12.17-01.04.01:285][  0]LogInit: Transaction tracking system initialized
[2018.12.17-01.04.01:322][  0]BlueprintLog: New page: Editor Load
[2018.12.17-01.04.01:467][  0]LocalizationService: Localization service is disabled
[2018.12.17-01.04.02:100][  0]LogCook: Display: Max memory allowance for cook 16384mb min free memory 0mb
[2018.12.17-01.04.02:100][  0]LogCook: Display: Mobile HDR setting 1
[2018.12.17-01.04.02:103][  0]LogGameplayTags: Display: UGameplayTagsManager::DoneAddingNativeTags. DelegateIsBound: 0
[2018.12.17-01.04.02:103][  0]LogStats: UGameplayTagsManager::ConstructGameplayTagTree: ImportINI prefixes -  0.000 s
[2018.12.17-01.04.02:103][  0]LogStats: UGameplayTagsManager::ConstructGameplayTagTree: Construct from data asset -  0.000 s
[2018.12.17-01.04.02:103][  0]LogStats: UGameplayTagsManager::ConstructGameplayTagTree: ImportINI -  0.000 s
[2018.12.17-01.04.02:103][  0]LogStats: UGameplayTagsManager::ConstructGameplayTagTree: GameplayTagTreeChangedEvent.Broadcast -  0.000 s
[2018.12.17-01.04.03:156][  0]LogFileCache: Scanning file cache for directory 'C:/Users/Luke/Documents/GitHub/Module_8_Final/RunnerGame 4.21/Content/' took 0.04s
[2018.12.17-01.04.03:884][  0]SourceControl: Source control is disabled
[2018.12.17-01.04.03:884][  0]Cmd: MAP LOAD FILE="../../../../../../Users/Luke/Documents/GitHub/Module_8_Final/RunnerGame 4.21/Content/FirstPersonBP/Maps/FirstPersonExampleMap.umap" TEMPLATE=0 SHOWPROGRESS=1 FEATURELEVEL=3
[2018.12.17-01.04.03:884][  0]LogEditorServer: Warning: Can't find file '../../../../../../Users/Luke/Documents/GitHub/Module_8_Final/RunnerGame 4.21/Content/FirstPersonBP/Maps/FirstPersonExampleMap.umap'
[2018.12.17-01.04.03:884][  0]Cmd: MAP CHECKDEP NOCLEARLOG
[2018.12.17-01.04.03:884][  0]MapCheck: Map check complete: 0 Error(s), 0 Warning(s), took 0.164ms to complete.
[2018.12.17-01.04.03:884][  0]LogFileHelpers: Loading map 'FirstPersonExampleMap' took 0.001
[2018.12.17-01.04.05:261][  0]LogSlate: Updating window title bar state: overlay mode, drag disabled, window buttons hidden, title bar hidden
[2018.12.17-01.04.05:287][  0]LogSlate: Updating window title bar state: overlay mode, drag disabled, window buttons hidden, title bar hidden
[2018.12.17-01.04.05:293][  0]LogSlate: Updating window title bar state: overlay mode, drag disabled, window buttons hidden, title bar hidden
[2018.12.17-01.04.05:299][  0]LogSlate: Updating window title bar state: overlay mode, drag disabled, window buttons hidden, title bar hidden
[2018.12.17-01.04.05:419][  0]LogCollectionManager: Loaded 0 collections in 0.003032 seconds
[2018.12.17-01.04.05:525][  0]LogFileCache: Scanning file cache for directory 'C:/Users/Luke/Documents/GitHub/Module_8_Final/RunnerGame 4.21/Saved/Collections/' took 0.01s
[2018.12.17-01.04.05:525][  0]LogFileCache: Scanning file cache for directory 'C:/Users/Luke/Documents/GitHub/Module_8_Final/RunnerGame 4.21/Content/Developers/Luke/Collections/' took 0.01s
[2018.12.17-01.04.05:525][  0]LogFileCache: Scanning file cache for directory 'C:/Users/Luke/Documents/GitHub/Module_8_Final/RunnerGame 4.21/Content/Collections/' took 0.01s
[2018.12.17-01.04.05:525][  0]LogCollectionManager: Rebuilt the GUID cache for 0 collections in 0.000000 seconds
[2018.12.17-01.04.05:534][  0]LogContentBrowser: Native class hierarchy populated in 0.0078 seconds. Added 2651 classes and 620 folders.
[2018.12.17-01.04.05:764][  0]LogContentBrowser: Native class hierarchy updated for 'WidgetCarousel' in 0.0002 seconds. Added 0 classes and 0 folders.
[2018.12.17-01.04.05:813][  0]LogPakFile: Registered encryption key '00000000000000000000000000000000': 0 pak files mounted, 0 remain pending
[2018.12.17-01.04.05:835][  0]LogPakFile: Registered encryption key '00000000000000000000000000000000': 0 pak files mounted, 0 remain pending
[2018.12.17-01.04.05:845][  0]LogPakFile: Registered encryption key '00000000000000000000000000000000': 0 pak files mounted, 0 remain pending
[2018.12.17-01.04.05:863][  0]LogPakFile: Registered encryption key '00000000000000000000000000000000': 0 pak files mounted, 0 remain pending
[2018.12.17-01.04.05:871][  0]LogPakFile: Registered encryption key '00000000000000000000000000000000': 0 pak files mounted, 0 remain pending
[2018.12.17-01.04.05:884][  0]LogPakFile: Registered encryption key '00000000000000000000000000000000': 0 pak files mounted, 0 remain pending
[2018.12.17-01.04.05:901][  0]LogPakFile: Registered encryption key '00000000000000000000000000000000': 0 pak files mounted, 0 remain pending
[2018.12.17-01.04.05:904][  0]LogPakFile: Registered encryption key '00000000000000000000000000000000': 0 pak files mounted, 0 remain pending
[2018.12.17-01.04.05:907][  0]LogPakFile: Registered encryption key '00000000000000000000000000000000': 0 pak files mounted, 0 remain pending
[2018.12.17-01.04.05:921][  0]LogPakFile: Registered encryption key '00000000000000000000000000000000': 0 pak files mounted, 0 remain pending
[2018.12.17-01.04.05:939][  0]LogPakFile: Registered encryption key '00000000000000000000000000000000': 0 pak files mounted, 0 remain pending
[2018.12.17-01.04.05:942][  0]LogPakFile: Registered encryption key '00000000000000000000000000000000': 0 pak files mounted, 0 remain pending
[2018.12.17-01.04.05:949][  0]LogPakFile: Registered encryption key '00000000000000000000000000000000': 0 pak files mounted, 0 remain pending
[2018.12.17-01.04.05:952][  0]LogPakFile: Registered encryption key '00000000000000000000000000000000': 0 pak files mounted, 0 remain pending
[2018.12.17-01.04.05:955][  0]LogPakFile: Registered encryption key '00000000000000000000000000000000': 0 pak files mounted, 0 remain pending
[2018.12.17-01.04.05:958][  0]LogPakFile: Registered encryption key '00000000000000000000000000000000': 0 pak files mounted, 0 remain pending
[2018.12.17-01.04.05:970][  0]LogPakFile: Registered encryption key '00000000000000000000000000000000': 0 pak files mounted, 0 remain pending
[2018.12.17-01.04.05:982][  0]LogPakFile: Registered encryption key '00000000000000000000000000000000': 0 pak files mounted, 0 remain pending
[2018.12.17-01.04.05:984][  0]LogPakFile: Registered encryption key '00000000000000000000000000000000': 0 pak files mounted, 0 remain pending
[2018.12.17-01.04.06:013][  0]LogPakFile: Registered encryption key '00000000000000000000000000000000': 0 pak files mounted, 0 remain pending
[2018.12.17-01.04.06:027][  0]LogPakFile: Registered encryption key '00000000000000000000000000000000': 0 pak files mounted, 0 remain pending
[2018.12.17-01.04.06:036][  0]LogPakFile: Registered encryption key '00000000000000000000000000000000': 0 pak files mounted, 0 remain pending
[2018.12.17-01.04.06:060][  0]LogPakFile: Registered encryption key '00000000000000000000000000000000': 0 pak files mounted, 0 remain pending
[2018.12.17-01.04.06:077][  0]LogPakFile: Registered encryption key '00000000000000000000000000000000': 0 pak files mounted, 0 remain pending
[2018.12.17-01.04.06:085][  0]LogPakFile: Registered encryption key '00000000000000000000000000000000': 0 pak files mounted, 0 remain pending
[2018.12.17-01.04.06:098][  0]LogPakFile: Registered encryption key '00000000000000000000000000000000': 0 pak files mounted, 0 remain pending
[2018.12.17-01.04.08:620][  0]LogContentBrowser: Native class hierarchy updated for 'AddContentDialog' in 0.0002 seconds. Added 0 classes and 0 folders.
[2018.12.17-01.04.08:696][  0]LogContentBrowser: Native class hierarchy updated for 'SceneOutliner' in 0.0003 seconds. Added 1 classes and 2 folders.
[2018.12.17-01.04.09:675][  0]LogSlate: Took 0.000884 seconds to synchronously load lazily loaded font '../../../Engine/Content/Slate/Fonts/Roboto-Regular.ttf' (155K)
[2018.12.17-01.04.09:678][  0]LogSlate: Took 0.000658 seconds to synchronously load lazily loaded font '../../../Engine/Content/Slate/Fonts/Roboto-Bold.ttf' (160K)
[2018.12.17-01.04.09:787][  0]LogSlate: Took 0.010443 seconds to synchronously load lazily loaded font '../../../Engine/Content/Editor/Slate/Fonts/FontAwesome.ttf' (139K)
[2018.12.17-01.04.11:879][  0]LogRenderer: Reallocating scene render targets to support 1180x652 Format 10 NumSamples 1 (Frame:1).
[2018.12.17-01.04.20:276][  0]LogContentBrowser: Native class hierarchy updated for 'HierarchicalLODOutliner' in 0.0003 seconds. Added 0 classes and 0 folders.
[2018.12.17-01.04.20:276][  0]LogLoad: (Engine Initialization) Total time: 82.05 seconds
[2018.12.17-01.04.20:276][  0]LogLoad: (Engine Initialization) Total Blueprint compile time: 0.00 seconds
[2018.12.17-01.04.21:209][  0]LogContentStreaming: Texture pool size now 1000 MB
[2018.12.17-01.04.22:810][  0]LogSlate: Took 0.227955 seconds to synchronously load lazily loaded font '../../../Engine/Content/Slate/Fonts/Roboto-Light.ttf' (167K)
[2018.12.17-01.04.26:620][  3]LogAssetRegistry: Asset discovery search completed in 57.3581 seconds
[2018.12.17-01.04.26:622][  3]LogCollectionManager: Rebuilt the object cache for 0 collections in 0.000000 seconds (found 0 objects)
[2018.12.17-01.04.26:622][  3]LogCollectionManager: Fixed up redirectors for 0 collections in 0.000042 seconds (updated 0 objects)
[2018.12.17-01.14.50:131][167]LogSlate: FSceneViewport::OnFocusLost() reason 0
[2018.12.17-01.14.50:288][176]LogSlate: Took 0.000350 seconds to synchronously load lazily loaded font '../../../Engine/Content/Slate/Fonts/Roboto-Light.ttf' (167K)
[2018.12.17-01.14.56:151][176]LogAIModule: Creating AISystem for world Luke_Autumn
[2018.12.17-01.14.56:431][176]LogAssetEditorManager: Opening Asset editor for World /Game/FirstPersonBP/Maps/Luke_Autumn.Luke_Autumn
[2018.12.17-01.14.56:487][176]Cmd: MAP LOAD FILE="../../../../../../Users/Luke/Documents/GitHub/Module_8_Final/RunnerGame 4.21/Content/FirstPersonBP/Maps/Luke_Autumn.umap" TEMPLATE=0 SHOWPROGRESS=1 FEATURELEVEL=3
[2018.12.17-01.14.56:488][176]LightingResults: New page: Lighting Build
[2018.12.17-01.14.56:501][176]LogContentBrowser: Native class hierarchy updated for 'StatsViewer' in 0.0090 seconds. Added 5 classes and 0 folders.
[2018.12.17-01.14.56:501][176]LoadErrors: New page: Loading map: Luke_Autumn.umap
[2018.12.17-01.14.56:502][176]MapCheck: New page: Map Check
[2018.12.17-01.14.56:502][176]LightingResults: New page: Lighting Build
[2018.12.17-01.15.02:258][176]LogEditorServer: Finished looking for orphan Actors (0.000 secs)
[2018.12.17-01.15.02:365][176]Cmd: MAP CHECKDEP NOCLEARLOG
[2018.12.17-01.15.02:365][176]MapCheck: Map check complete: 0 Error(s), 0 Warning(s), took 0.133ms to complete.
[2018.12.17-01.15.02:365][176]LogFileHelpers: Loading map 'Luke_Autumn' took 5.891
[2018.12.17-01.15.07:200][594]LogEditorViewport: Clicking on Actor (LMB): PostProcessVolume (PostProcessVolume)
[2018.12.17-01.15.10:376][879]LogEditorViewport: Clicking on Actor (LMB): Landscape (Landscape3)
[2018.12.17-01.15.12:633][ 55]LogEditorViewport: Clicking on Actor (LMB): BP_Sky_Sphere_C (Sky Sphere)
[2018.12.17-03.27.52:371][525]LogSlate: FSceneViewport::OnFocusLost() reason 0
[2018.12.17-03.29.23:645][613]AssetReimport: New page: Outstanding source content changes 03:29:23
[2018.12.17-03.29.23:723][614]LogFactory: FactoryCreateFile: SoundWave with ReimportSoundFactory (0 0 C:/Users/Luke/Documents/GitHub/Module_8_Final/RunnerGame 4.21/Content/Audio/Autumn Backing Music (Slow).wav)
[2018.12.17-03.29.24:270][615]LogSavePackage: Moving '../../../../../../Users/Luke/Documents/GitHub/Module_8_Final/RunnerGame 4.21/Saved/Autumn_Backing_Music__Slow_3F641A50413136CD3EA043BF8CB4755F.tmp' to '../../../../../../Users/Luke/Documents/GitHub/Module_8_Final/RunnerGame 4.21/Content/Audio/Autumn_Backing_Music__Slow_.uasset'
[2018.12.17-03.29.27:283][960]AssetReimport: Importing new asset /Game/Audio/Autumn_Backing_Music__Slow_.
[2018.12.17-03.43.29:410][693]AssetReimport: New page: Outstanding source content changes 03:43:29
[2018.12.17-03.43.29:413][693]LogFactory: FactoryCreateFile: SoundWave with ReimportSoundFactory (0 0 C:/Users/Luke/Documents/GitHub/Module_8_Final/RunnerGame 4.21/Content/Audio/Gust of Wind Sound Effect.wav)
[2018.12.17-03.43.29:470][693]LogSavePackage: Moving '../../../../../../Users/Luke/Documents/GitHub/Module_8_Final/RunnerGame 4.21/Saved/Gust_of_Wind_Sound_EffectB981281C44BC6F1BA50138B08C679358.tmp' to '../../../../../../Users/Luke/Documents/GitHub/Module_8_Final/RunnerGame 4.21/Content/Audio/Gust_of_Wind_Sound_Effect.uasset'
[2018.12.17-03.43.32:743][914]AssetReimport: Importing new asset /Game/Audio/Gust_of_Wind_Sound_Effect.
[2018.12.17-03.54.32:400][ 87]AssetReimport: New page: Outstanding source content changes 03:54:32
[2018.12.17-03.54.32:475][ 87]LogFactory: FactoryCreateFile: SoundWave with ReimportSoundFactory (0 0 C:/Users/Luke/Documents/GitHub/Module_8_Final/RunnerGame 4.21/Content/Audio/Birds Chirping Sound Effect.wav)
[2018.12.17-03.54.32:618][ 88]LogFactory: FactoryCreateFile: SoundWave with ReimportSoundFactory (0 0 C:/Users/Luke/Documents/GitHub/Module_8_Final/RunnerGame 4.21/Content/Audio/Walking on Grass.wav)
[2018.12.17-03.54.32:624][ 88]LogFactory: FactoryCreateFile: SoundWave with ReimportSoundFactory (0 0 C:/Users/Luke/Documents/GitHub/Module_8_Final/RunnerGame 4.21/Content/Audio/Impact on Obstacle sound.wav)
[2018.12.17-03.54.32:791][ 88]LogSavePackage: Moving '../../../../../../Users/Luke/Documents/GitHub/Module_8_Final/RunnerGame 4.21/Saved/Birds_Chirping_Sound_Effect41DB50B24BB6ED0FE8AD3793BA36B822.tmp' to '../../../../../../Users/Luke/Documents/GitHub/Module_8_Final/RunnerGame 4.21/Content/Audio/Birds_Chirping_Sound_Effect.uasset'
[2018.12.17-03.54.32:810][ 88]Cmd: OBJ SAVEPACKAGE PACKAGE="/Game/Audio/Walking_on_Grass" FILE="../../../../../../Users/Luke/Documents/GitHub/Module_8_Final/RunnerGame 4.21/Content/Audio/Walking_on_Grass.uasset" SILENT=true
[2018.12.17-03.54.32:817][ 88]LogSavePackage: Moving '../../../../../../Users/Luke/Documents/GitHub/Module_8_Final/RunnerGame 4.21/Saved/Walking_on_GrassC3F1A1CB42388C38E8696D8686F63A99.tmp' to '../../../../../../Users/Luke/Documents/GitHub/Module_8_Final/RunnerGame 4.21/Content/Audio/Walking_on_Grass.uasset'
[2018.12.17-03.54.32:845][ 88]LogSavePackage: Moving '../../../../../../Users/Luke/Documents/GitHub/Module_8_Final/RunnerGame 4.21/Saved/Impact_on_Obstacle_sound629986EC47FA77020970988A98C06DA6.tmp' to '../../../../../../Users/Luke/Documents/GitHub/Module_8_Final/RunnerGame 4.21/Content/Audio/Impact_on_Obstacle_sound.uasset'
[2018.12.17-03.54.35:859][440]AssetReimport: Importing new asset /Game/Audio/Birds_Chirping_Sound_Effect.
[2018.12.17-03.54.35:859][440]AssetReimport: Importing new asset /Game/Audio/Walking_on_Grass.
[2018.12.17-03.54.35:859][440]AssetReimport: Importing new asset /Game/Audio/Impact_on_Obstacle_sound.
[2018.12.17-03.56.10:927][349]LogSavePackage: Moving '../../../../../../Users/Luke/Documents/GitHub/Module_8_Final/RunnerGame 4.21/Saved/Luke_Autumn3EE9816C47C2C160E721C7878AAD39B7.tmp' to '../../../../../../Users/Luke/Documents/GitHub/Module_8_Final/RunnerGame 4.21/Content/FirstPersonBP/Maps/Luke_Autumn.umap'
